<?xml version="1.0" encoding="UTF-8"?>
<!-- Generated by org.testng.reporters.JUnitXMLReporter -->
<testsuite hostname="Admin-PC" ignored="6" name="Test" tests="1" failures="1" timestamp="19 Sep 2018 16:29:59 GMT" time="51.781" errors="0">
  <testcase name="tc_01" time="33.339" classname="com.actitime.test.login.LoginTest">
    <failure type="org.openqa.selenium.TimeoutException" message="Expected condition failed: waiting for invisibility of [[ChromeDriver: chrome on XP (5ab9655063908ccc8bb143f8b2bd0804)] -&amp;gt; xpath: //div[contains(text(),&amp;apos;TASKS&amp;apos;)]] (tried for 30 second(s) with 500 milliseconds interval)
Build info: version: &amp;apos;3.13.0&amp;apos;, revision: &amp;apos;2f0d292&amp;apos;, time: &amp;apos;2018-06-25T15:24:21.231Z&amp;apos;
System info: host: &amp;apos;ADMIN-PC&amp;apos;, ip: &amp;apos;192.168.43.193&amp;apos;, os.name: &amp;apos;Windows 7&amp;apos;, os.arch: &amp;apos;amd64&amp;apos;, os.version: &amp;apos;6.1&amp;apos;, java.version: &amp;apos;1.8.0_25&amp;apos;
Driver info: org.openqa.selenium.chrome.ChromeDriver
Capabilities {acceptInsecureCerts: false, acceptSslCerts: false, applicationCacheEnabled: false, browserConnectionEnabled: false, browserName: chrome, chrome: {chromedriverVersion: 2.41.578737 (49da6702b16031..., userDataDir: C:\Users\Admin\AppData\Loca...}, cssSelectorsEnabled: true, databaseEnabled: false, goog:chromeOptions: {debuggerAddress: localhost:51236}, handlesAlerts: true, hasTouchScreen: false, javascriptEnabled: true, locationContextEnabled: true, mobileEmulationEnabled: false, nativeEvents: true, networkConnectionEnabled: false, pageLoadStrategy: normal, platform: XP, platformName: XP, rotatable: false, setWindowRect: true, takesHeapSnapshot: true, takesScreenshot: true, unexpectedAlertBehaviour: , unhandledPromptBehavior: , version: 68.0.3440.106, webStorageEnabled: true}
Session ID: 5ab9655063908ccc8bb143f8b2bd0804">
      <![CDATA[org.openqa.selenium.TimeoutException: Expected condition failed: waiting for invisibility of [[ChromeDriver: chrome on XP (5ab9655063908ccc8bb143f8b2bd0804)] -> xpath: //div[contains(text(),'TASKS')]] (tried for 30 second(s) with 500 milliseconds interval)Build info: version: '3.13.0', revision: '2f0d292', time: '2018-06-25T15:24:21.231Z'System info: host: 'ADMIN-PC', ip: '192.168.43.193', os.name: 'Windows 7', os.arch: 'amd64', os.version: '6.1', java.version: '1.8.0_25'Driver info: org.openqa.selenium.chrome.ChromeDriverCapabilities {acceptInsecureCerts: false, acceptSslCerts: false, applicationCacheEnabled: false, browserConnectionEnabled: false, browserName: chrome, chrome: {chromedriverVersion: 2.41.578737 (49da6702b16031..., userDataDir: C:\Users\Admin\AppData\Loca...}, cssSelectorsEnabled: true, databaseEnabled: false, goog:chromeOptions: {debuggerAddress: localhost:51236}, handlesAlerts: true, hasTouchScreen: false, javascriptEnabled: true, locationContextEnabled: true, mobileEmulationEnabled: false, nativeEvents: true, networkConnectionEnabled: false, pageLoadStrategy: normal, platform: XP, platformName: XP, rotatable: false, setWindowRect: true, takesHeapSnapshot: true, takesScreenshot: true, unexpectedAlertBehaviour: , unhandledPromptBehavior: , version: 68.0.3440.106, webStorageEnabled: true}Session ID: 5ab9655063908ccc8bb143f8b2bd0804at org.openqa.selenium.support.ui.WebDriverWait.timeoutException(WebDriverWait.java:81)at org.openqa.selenium.support.ui.FluentWait.until(FluentWait.java:271)at com.actitime.utility.autoHelper.WaitHelper.waitForElementToBeInVisible(WaitHelper.java:32)at com.actitime.pages.login.LoginPage.verifyHomePage(LoginPage.java:31)at com.actitime.test.login.LoginTest.tc_01(LoginTest.java:14)... Removed 25 stack frames]]>
    </failure>
  </testcase> <!-- tc_01 -->
  <testcase name="tc_02" time="0.0" classname="com.actitime.test.login.LoginTest">
    <ignored/>
  </testcase> <!-- tc_02 -->
  <testcase name="tc_03" time="0.0" classname="com.actitime.test.login.LoginTest">
    <ignored/>
  </testcase> <!-- tc_03 -->
  <testcase name="tc_04" time="0.0" classname="com.actitime.test.login.LoginTest">
    <ignored/>
  </testcase> <!-- tc_04 -->
  <testcase name="tc_05" time="0.0" classname="com.actitime.test.login.LoginTest">
    <ignored/>
  </testcase> <!-- tc_05 -->
  <testcase name="tc_06" time="0.0" classname="com.actitime.test.login.LoginTest">
    <ignored/>
  </testcase> <!-- tc_06 -->
  <testcase name="tc_07" time="0.0" classname="com.actitime.test.login.LoginTest">
    <ignored/>
  </testcase> <!-- tc_07 -->
</testsuite> <!-- Test -->
